<?xml version="1.0" encoding="UTF-8"?>
<!-- Generated by org.testng.reporters.JUnitReportReporter -->
<testsuite hostname="DESKTOP-D4E4FAT" failures="0" tests="1" name="sample.Demo" time="0.031" errors="0" timestamp="2024-11-16T09:05:48 IST" skipped="0">
  <testcase classname="sample.Demo" name="sample" time="0.031"/>
  <system-out/>
</testsuite> <!-- sample.Demo -->
